{
  "stats": {
    "suites": 1,
    "tests": 2,
    "passes": 2,
    "pending": 0,
    "failures": 0,
    "start": "2025-12-25T14:04:09.805Z",
    "end": "2025-12-25T14:04:17.568Z",
    "duration": 7763,
    "testsRegistered": 2,
    "passPercent": 100,
    "pendingPercent": 0,
    "other": 0,
    "hasOther": false,
    "skipped": 0,
    "hasSkipped": false
  },
  "results": [
    {
      "uuid": "46b8d242-81b0-4c90-8e5c-db345f6dbc93",
      "title": "",
      "fullFile": "C:\\laragon\\www\\WebUIAutomation\\test\\saucedemo.spec.js",
      "file": "\\test\\saucedemo.spec.js",
      "beforeHooks": [],
      "afterHooks": [],
      "tests": [],
      "suites": [
        {
          "uuid": "3b0190b4-a124-4ebc-9cd0-2bde26686d75",
          "title": "Tugas Sesi 9 - Web UI Automation Fundamental",
          "fullFile": "C:\\laragon\\www\\WebUIAutomation\\test\\saucedemo.spec.js",
          "file": "\\test\\saucedemo.spec.js",
          "beforeHooks": [
            {
              "title": "\"before all\" hook in \"Tugas Sesi 9 - Web UI Automation Fundamental\"",
              "fullTitle": "Tugas Sesi 9 - Web UI Automation Fundamental \"before all\" hook in \"Tugas Sesi 9 - Web UI Automation Fundamental\"",
              "timedOut": false,
              "duration": 666,
              "state": null,
              "speed": null,
              "pass": false,
              "fail": false,
              "pending": false,
              "context": null,
              "code": "driver = await new Builder().forBrowser('chrome').build();",
              "err": {},
              "uuid": "992e813d-236d-4d3c-b56d-471355ee9ed0",
              "parentUUID": "3b0190b4-a124-4ebc-9cd0-2bde26686d75",
              "isHook": true,
              "skipped": false
            }
          ],
          "afterHooks": [
            {
              "title": "\"after all\" hook in \"Tugas Sesi 9 - Web UI Automation Fundamental\"",
              "fullTitle": "Tugas Sesi 9 - Web UI Automation Fundamental \"after all\" hook in \"Tugas Sesi 9 - Web UI Automation Fundamental\"",
              "timedOut": false,
              "duration": 5163,
              "state": null,
              "speed": null,
              "pass": false,
              "fail": false,
              "pending": false,
              "context": null,
              "code": "await driver.sleep(5000);\nawait driver.quit();",
              "err": {},
              "uuid": "5464bc3b-99bf-4f89-b677-6f6fbd2b7eb8",
              "parentUUID": "3b0190b4-a124-4ebc-9cd0-2bde26686d75",
              "isHook": true,
              "skipped": false
            }
          ],
          "tests": [
            {
              "title": "Harus sukses login dengan standard_user",
              "fullTitle": "Tugas Sesi 9 - Web UI Automation Fundamental Harus sukses login dengan standard_user",
              "timedOut": false,
              "duration": 1676,
              "state": "passed",
              "speed": "slow",
              "pass": true,
              "fail": false,
              "pending": false,
              "context": null,
              "code": "// 1. Buka Website\nawait driver.get('https://www.saucedemo.com');\n// 2. Input Username (Locator ID) \nawait driver.findElement(By.id('user-name')).sendKeys('standard_user');\n// 3. Input Password (Locator ID)\nawait driver.findElement(By.id('password')).sendKeys('secret_sauce');\n// 4. Klik Login Button (Locator ID) \nawait driver.findElement(By.id('login-button')).click();\n// 5. Assertion/Validasi: Pastikan masuk ke halaman inventory \nlet titleElement = await driver.findElement(By.className('title'));\nlet titleText = await titleElement.getText();\n\n// Validasi text harus \"Products\"\nassert.strictEqual(titleText, 'Products');",
              "err": {},
              "uuid": "6829ae54-e18d-4521-b5bd-2cdf94a2e96c",
              "parentUUID": "3b0190b4-a124-4ebc-9cd0-2bde26686d75",
              "isHook": false,
              "skipped": false
            },
            {
              "title": "Harus berhasil mengurutkan produk dari Z-A",
              "fullTitle": "Tugas Sesi 9 - Web UI Automation Fundamental Harus berhasil mengurutkan produk dari Z-A",
              "timedOut": false,
              "duration": 252,
              "state": "passed",
              "speed": "slow",
              "pass": true,
              "fail": false,
              "pending": false,
              "context": null,
              "code": "// 1. Klik Dropdown Sort (Locator Class)\nlet sortDropdown = await driver.findElement(By.className('product_sort_container'));\nawait sortDropdown.click();\n// 2. Pilih opsi \"Name (Z to A)\" \nawait driver.findElement(By.css('option[value=\"za\"]')).click();\n// 3. Validasi urutan\n// Ambil nama item pertama setelah di-sort\nlet firstItem = await driver.findElement(By.css('.inventory_item_name')).getText();\n\n// Assertion: Item pertama harus \"Test.allTheThings() T-Shirt (Red)\" \nassert.strictEqual(firstItem, 'Test.allTheThings() T-Shirt (Red)');",
              "err": {},
              "uuid": "e3b53506-dd28-4076-8185-3914ad619733",
              "parentUUID": "3b0190b4-a124-4ebc-9cd0-2bde26686d75",
              "isHook": false,
              "skipped": false
            }
          ],
          "suites": [],
          "passes": [
            "6829ae54-e18d-4521-b5bd-2cdf94a2e96c",
            "e3b53506-dd28-4076-8185-3914ad619733"
          ],
          "failures": [],
          "pending": [],
          "skipped": [],
          "duration": 1928,
          "root": false,
          "rootEmpty": false,
          "_timeout": 30000
        }
      ],
      "passes": [],
      "failures": [],
      "pending": [],
      "skipped": [],
      "duration": 0,
      "root": true,
      "rootEmpty": true,
      "_timeout": 2000
    }
  ],
  "meta": {
    "mocha": {
      "version": "11.7.5"
    },
    "mochawesome": {
      "options": {
        "quiet": false,
        "reportFilename": "mochawesome",
        "saveHtml": true,
        "saveJson": true,
        "consoleReporter": "spec",
        "useInlineDiffs": false,
        "code": true
      },
      "version": "7.1.4"
    },
    "marge": {
      "options": null,
      "version": "6.3.2"
    }
  }
}